2024-01-31 16:42:28,209 [INFO] Activator:178 - 


2024-01-31 16:42:28,241 [INFO] Activator:179 - !SESSION log4j initialized
2024-01-31 16:42:48,666 [INFO] ApplicationProperties:181 - Using Application install path: C:\ST\STM32CubeIDE_1.4.0\STM32CubeIDE\plugins\com.st.stm32cube.common.mx_6.0.0.202007160824
2024-01-31 16:42:48,713 [INFO] DbMcusXml:70 - Set database path to: C:\ST\STM32CubeIDE_1.4.0\STM32CubeIDE\plugins\com.st.stm32cube.common.mx_6.0.0.202007160824\\db\/mcu/
2024-01-31 16:42:48,713 [INFO] DbBoardsPdsc:56 - Set plugin database path to: C:\ST\STM32CubeIDE_1.4.0\STM32CubeIDE\plugins\com.st.stm32cube.common.mx_6.0.0.202007160824\\db\/plugins/boardmanager/
2024-01-31 16:42:48,713 [INFO] DbMcus:258 - Set plugin images path to: C:\ST\STM32CubeIDE_1.4.0\STM32CubeIDE\plugins\com.st.stm32cube.common.mx_6.0.0.202007160824\\db\/plugins/mcufinder/images/
2024-01-31 16:42:48,713 [INFO] DbBoards:264 - Set plugin images path to: C:\ST\STM32CubeIDE_1.4.0\STM32CubeIDE\plugins\com.st.stm32cube.common.mx_6.0.0.202007160824\\db\/plugins/mcufinder/images/
2024-01-31 16:42:48,728 [INFO] DbExamples:326 - Set plugin images path to: C:\ST\STM32CubeIDE_1.4.0\STM32CubeIDE\plugins\com.st.stm32cube.common.mx_6.0.0.202007160824\\db\/plugins/mcufinder/images/
2024-01-31 16:42:48,838 [INFO] DbMcusDocs:112 - Set database path to: C:\Users\abdullah\.stmcufinder\plugins\mcufinder//mcu/
2024-01-31 16:42:48,853 [INFO] DbMcusJson:63 - Set database path to: C:\Users\abdullah\.stmcufinder\plugins\mcufinder//mcu/
2024-01-31 16:42:48,853 [INFO] DbBoardsDocs:112 - Set database path to: C:\Users\abdullah\.stmcufinder\plugins\mcufinder//mcu/
2024-01-31 16:42:48,853 [INFO] DbBoardsJson:56 - Set database path to: C:\Users\abdullah\.stmcufinder\plugins\mcufinder//mcu/
2024-01-31 16:42:49,994 [INFO] CrossReferenceDbSqlite:196 - Set database path to: C:\Users\abdullah\.stmcufinder\plugins\mcufinder//mcu/cs/
2024-01-31 16:42:50,010 [INFO] DbExamplesSqlite:800 - Set database path to: C:\Users\abdullah\.stmcufinder\plugins\mcufinder//mcu/
2024-01-31 16:42:50,432 [INFO] RulesReader:52 - Compatibility file has been processed (209 Rules)
2024-01-31 16:42:51,104 [INFO] MicroXplorer:564 - Detected Java Version = 1.8.0_252
2024-01-31 16:42:51,104 [INFO] DbMcusXml:70 - Set database path to: C:\ST\STM32CubeIDE_1.4.0\STM32CubeIDE\plugins\com.st.stm32cube.common.mx_6.0.0.202007160824\\db\/mcu/
2024-01-31 16:42:51,104 [INFO] DbBoardsPdsc:56 - Set plugin database path to: C:\ST\STM32CubeIDE_1.4.0\STM32CubeIDE\plugins\com.st.stm32cube.common.mx_6.0.0.202007160824\\db\/plugins/boardmanager/
2024-01-31 16:42:51,119 [INFO] DbMcus:258 - Set plugin images path to: C:\ST\STM32CubeIDE_1.4.0\STM32CubeIDE\plugins\com.st.stm32cube.common.mx_6.0.0.202007160824\\db\/plugins/mcufinder/images/
2024-01-31 16:42:51,119 [INFO] DbBoards:264 - Set plugin images path to: C:\ST\STM32CubeIDE_1.4.0\STM32CubeIDE\plugins\com.st.stm32cube.common.mx_6.0.0.202007160824\\db\/plugins/mcufinder/images/
2024-01-31 16:42:51,119 [INFO] DbExamples:326 - Set plugin images path to: C:\ST\STM32CubeIDE_1.4.0\STM32CubeIDE\plugins\com.st.stm32cube.common.mx_6.0.0.202007160824\\db\/plugins/mcufinder/images/
2024-01-31 16:42:51,119 [WARN] DbFile:36 - Overriding database path with different value: C:\Users\abdullah\.stmcufinder\plugins\mcufinder/ => C:\Users\abdullah\.stmcufinder\plugins\mcufinder
2024-01-31 16:42:51,119 [INFO] DbMcusDocs:112 - Set database path to: C:\Users\abdullah\.stmcufinder\plugins\mcufinder//mcu/
2024-01-31 16:42:51,119 [WARN] DbFile:36 - Overriding database path with different value: C:\Users\abdullah\.stmcufinder\plugins\mcufinder/ => C:\Users\abdullah\.stmcufinder\plugins\mcufinder
2024-01-31 16:42:51,119 [INFO] DbMcusJson:63 - Set database path to: C:\Users\abdullah\.stmcufinder\plugins\mcufinder//mcu/
2024-01-31 16:42:51,119 [WARN] DbFile:36 - Overriding database path with different value: C:\Users\abdullah\.stmcufinder\plugins\mcufinder/ => C:\Users\abdullah\.stmcufinder\plugins\mcufinder
2024-01-31 16:42:51,119 [INFO] DbBoardsDocs:112 - Set database path to: C:\Users\abdullah\.stmcufinder\plugins\mcufinder//mcu/
2024-01-31 16:42:51,119 [WARN] DbFile:36 - Overriding database path with different value: C:\Users\abdullah\.stmcufinder\plugins\mcufinder/ => C:\Users\abdullah\.stmcufinder\plugins\mcufinder
2024-01-31 16:42:51,119 [INFO] DbBoardsJson:56 - Set database path to: C:\Users\abdullah\.stmcufinder\plugins\mcufinder//mcu/
2024-01-31 16:42:51,119 [WARN] DbFile:36 - Overriding database path with different value: C:\Users\abdullah\.stmcufinder\plugins\mcufinder/ => C:\Users\abdullah\.stmcufinder\plugins\mcufinder
2024-01-31 16:42:51,119 [WARN] DbFile:36 - Overriding database path with different value: C:\Users\abdullah\.stmcufinder\plugins\mcufinder/ => C:\Users\abdullah\.stmcufinder\plugins\mcufinder
2024-01-31 16:42:51,119 [INFO] CrossReferenceDbSqlite:196 - Set database path to: C:\Users\abdullah\.stmcufinder\plugins\mcufinder//mcu/cs/
2024-01-31 16:42:51,119 [WARN] DbFile:36 - Overriding database path with different value: C:\Users\abdullah\.stmcufinder\plugins\mcufinder/ => C:\Users\abdullah\.stmcufinder\plugins\mcufinder
2024-01-31 16:42:51,119 [INFO] DbExamplesSqlite:800 - Set database path to: C:\Users\abdullah\.stmcufinder\plugins\mcufinder//mcu/
2024-01-31 16:42:51,791 [INFO] MainPanel:189 - HeapMemory: 268435456
2024-01-31 16:42:52,244 [INFO] DbMcusXml:70 - Set database path to: C:\ST\STM32CubeIDE_1.4.0\STM32CubeIDE\plugins\com.st.stm32cube.common.mx_6.0.0.202007160824\\db\/mcu/
2024-01-31 16:42:52,244 [INFO] DbBoardsPdsc:56 - Set plugin database path to: C:\ST\STM32CubeIDE_1.4.0\STM32CubeIDE\plugins\com.st.stm32cube.common.mx_6.0.0.202007160824\\db\/plugins/boardmanager/
2024-01-31 16:42:52,244 [INFO] DbMcus:258 - Set plugin images path to: C:\ST\STM32CubeIDE_1.4.0\STM32CubeIDE\plugins\com.st.stm32cube.common.mx_6.0.0.202007160824\\db\/plugins/mcufinder/images/
2024-01-31 16:42:52,244 [INFO] DbBoards:264 - Set plugin images path to: C:\ST\STM32CubeIDE_1.4.0\STM32CubeIDE\plugins\com.st.stm32cube.common.mx_6.0.0.202007160824\\db\/plugins/mcufinder/images/
2024-01-31 16:42:52,244 [INFO] DbExamples:326 - Set plugin images path to: C:\ST\STM32CubeIDE_1.4.0\STM32CubeIDE\plugins\com.st.stm32cube.common.mx_6.0.0.202007160824\\db\/plugins/mcufinder/images/
2024-01-31 16:42:52,260 [WARN] DbFile:36 - Overriding database path with different value: C:\Users\abdullah\.stmcufinder\plugins\mcufinder/ => C:\Users\abdullah\.stmcufinder\plugins\mcufinder
2024-01-31 16:42:52,260 [INFO] DbMcusDocs:112 - Set database path to: C:\Users\abdullah\.stmcufinder\plugins\mcufinder//mcu/
2024-01-31 16:42:52,260 [WARN] DbFile:36 - Overriding database path with different value: C:\Users\abdullah\.stmcufinder\plugins\mcufinder/ => C:\Users\abdullah\.stmcufinder\plugins\mcufinder
2024-01-31 16:42:52,260 [INFO] DbMcusJson:63 - Set database path to: C:\Users\abdullah\.stmcufinder\plugins\mcufinder//mcu/
2024-01-31 16:42:52,260 [WARN] DbFile:36 - Overriding database path with different value: C:\Users\abdullah\.stmcufinder\plugins\mcufinder/ => C:\Users\abdullah\.stmcufinder\plugins\mcufinder
2024-01-31 16:42:52,260 [INFO] DbBoardsDocs:112 - Set database path to: C:\Users\abdullah\.stmcufinder\plugins\mcufinder//mcu/
2024-01-31 16:42:52,260 [WARN] DbFile:36 - Overriding database path with different value: C:\Users\abdullah\.stmcufinder\plugins\mcufinder/ => C:\Users\abdullah\.stmcufinder\plugins\mcufinder
2024-01-31 16:42:52,260 [INFO] DbBoardsJson:56 - Set database path to: C:\Users\abdullah\.stmcufinder\plugins\mcufinder//mcu/
2024-01-31 16:42:52,260 [WARN] DbFile:36 - Overriding database path with different value: C:\Users\abdullah\.stmcufinder\plugins\mcufinder/ => C:\Users\abdullah\.stmcufinder\plugins\mcufinder
2024-01-31 16:42:52,260 [WARN] DbFile:36 - Overriding database path with different value: C:\Users\abdullah\.stmcufinder\plugins\mcufinder/ => C:\Users\abdullah\.stmcufinder\plugins\mcufinder
2024-01-31 16:42:52,260 [INFO] CrossReferenceDbSqlite:196 - Set database path to: C:\Users\abdullah\.stmcufinder\plugins\mcufinder//mcu/cs/
2024-01-31 16:42:52,260 [WARN] DbFile:36 - Overriding database path with different value: C:\Users\abdullah\.stmcufinder\plugins\mcufinder/ => C:\Users\abdullah\.stmcufinder\plugins\mcufinder
2024-01-31 16:42:52,260 [INFO] DbExamplesSqlite:800 - Set database path to: C:\Users\abdullah\.stmcufinder\plugins\mcufinder//mcu/
2024-01-31 16:42:52,447 [INFO] ApplicationProperties:181 - Using Application install path: C:\ST\STM32CubeIDE_1.4.0\STM32CubeIDE\plugins\com.st.stm32cube.common.mx_6.0.0.202007160824
2024-01-31 16:42:52,463 [INFO] PluginManage:178 - Search for loadable plugins [exclusion list=, ]
2024-01-31 16:42:52,541 [INFO] PluginManage:292 - Check plugin analytics
2024-01-31 16:43:01,277 [INFO] AnalyticsPlugin:203 - Accepted Software Licenses: 
2024-01-31 16:43:01,277 [INFO] AnalyticsPlugin:205 - Accepted CMSIS Pack Licenses: 
2024-01-31 16:43:01,277 [INFO] AnalyticsPlugin:207 - Accepted Firmware Licenses: 
2024-01-31 16:43:01,292 [INFO] PluginManage:342 - Loaded plugin analytics (category:tool,tabindex:-1)
2024-01-31 16:43:01,292 [INFO] PluginManage:292 - Check plugin clock
2024-01-31 16:43:01,417 [INFO] PluginManage:342 - Loaded plugin clock (category:base,tabindex:2)
2024-01-31 16:43:01,417 [INFO] PluginManage:292 - Check plugin ddr
2024-01-31 16:43:01,511 [INFO] PluginManage:342 - Loaded plugin ddr (category:tool,tabindex:6)
2024-01-31 16:43:01,511 [INFO] PluginManage:292 - Check plugin filemanager
2024-01-31 16:43:03,355 [INFO] PluginManage:342 - Loaded plugin filemanager (category:base,tabindex:10)
2024-01-31 16:43:03,355 [INFO] PluginManage:292 - Check plugin ipmanager
2024-01-31 16:43:03,558 [INFO] PluginManage:342 - Loaded plugin ipmanager (category:base,tabindex:5)
2024-01-31 16:43:03,558 [INFO] PluginManage:292 - Check plugin pinoutandconfiguration
2024-01-31 16:43:03,621 [INFO] PluginManage:342 - Loaded plugin pinoutandconfiguration (category:base,tabindex:1)
2024-01-31 16:43:03,621 [INFO] PluginManage:292 - Check plugin pinoutconfig
2024-01-31 16:43:04,308 [INFO] PluginManage:342 - Loaded plugin pinoutconfig (category:base,tabindex:0)
2024-01-31 16:43:04,308 [INFO] PluginManage:292 - Check plugin power
2024-01-31 16:43:04,402 [INFO] PluginManage:342 - Loaded plugin power (category:power,tabindex:4)
2024-01-31 16:43:04,402 [INFO] PluginManage:292 - Check plugin projectmanager
2024-01-31 16:43:04,511 [INFO] PluginManage:342 - Loaded plugin projectmanager (category:projectmanager,tabindex:3)
2024-01-31 16:43:04,511 [INFO] PluginManage:292 - Check plugin thirdparty
2024-01-31 16:43:05,470 [INFO] ThirdPartyDb:333 - Open Third Party DataBase File (C:/Users/abdullah/.stm32cubemx/plugins/thirdparty/db/thirdparties_db.xml) : 282 ms. number of Sw pack : 50
2024-01-31 16:43:05,485 [INFO] PluginManage:342 - Loaded plugin thirdparty (category:base,tabindex:-1)
2024-01-31 16:43:05,485 [INFO] PluginManage:292 - Check plugin tools
2024-01-31 16:43:05,751 [INFO] PluginManage:342 - Loaded plugin tools (category:base,tabindex:7)
2024-01-31 16:43:05,751 [INFO] PluginManage:292 - Check plugin tutovideos
2024-01-31 16:43:07,610 [INFO] PluginManage:342 - Loaded plugin tutovideos (category:base,tabindex:-1)
2024-01-31 16:43:07,610 [INFO] PluginManage:292 - Check plugin updater
2024-01-31 16:43:07,923 [INFO] PluginManage:342 - Loaded plugin updater (category:base,tabindex:12)
2024-01-31 16:43:07,923 [INFO] PluginManage:265 - PluginManage : Loaded plugins [13]
2024-01-31 16:43:09,227 [ERROR] LogOutputStream:74 - [STDERR_REDIRECT] [Fatal Error] :1:1: Premature end of file.
2024-01-31 16:43:09,227 [ERROR] LogOutputStream:74 - [STDERR_REDIRECT] 
2024-01-31 16:43:09,227 [ERROR] LogOutputStream:74 - [STDERR_REDIRECT] [Fatal Error] :1:1: Premature end of file.
2024-01-31 16:43:09,227 [ERROR] LogOutputStream:74 - [STDERR_REDIRECT] 
2024-01-31 16:43:11,086 [INFO] PinOutPanel:1418 - setPackage(No Configuration,No Configuration)
2024-01-31 16:43:12,149 [INFO] IPUIPlugin:64 - create IPUIPlugin
2024-01-31 16:43:12,149 [INFO] PluginManager:200 - loadIPPluginJar : add adc
2024-01-31 16:43:12,196 [INFO] IPUIPlugin:64 - create IPUIPlugin
2024-01-31 16:43:12,196 [INFO] PluginManager:200 - loadIPPluginJar : add aes
2024-01-31 16:43:12,227 [INFO] IPUIPlugin:64 - create IPUIPlugin
2024-01-31 16:43:12,227 [INFO] PluginManager:200 - loadIPPluginJar : add can
2024-01-31 16:43:12,274 [INFO] IPUIPlugin:64 - create IPUIPlugin
2024-01-31 16:43:12,274 [INFO] PluginManager:200 - loadIPPluginJar : add comp
2024-01-31 16:43:12,321 [INFO] IPUIPlugin:64 - create IPUIPlugin
2024-01-31 16:43:12,336 [INFO] PluginManager:200 - loadIPPluginJar : add cryp
2024-01-31 16:43:12,446 [INFO] IPUIPlugin:64 - create IPUIPlugin
2024-01-31 16:43:12,446 [INFO] PluginManager:200 - loadIPPluginJar : add dfsdm
2024-01-31 16:43:12,493 [INFO] IPUIPlugin:64 - create IPUIPlugin
2024-01-31 16:43:12,493 [INFO] PluginManager:200 - loadIPPluginJar : add dma
2024-01-31 16:43:12,539 [INFO] IPUIPlugin:64 - create IPUIPlugin
2024-01-31 16:43:12,555 [INFO] PluginManager:200 - loadIPPluginJar : add fatfs
2024-01-31 16:43:12,586 [INFO] IPUIPlugin:64 - create IPUIPlugin
2024-01-31 16:43:12,586 [INFO] PluginManager:200 - loadIPPluginJar : add fmc
2024-01-31 16:43:12,664 [INFO] IPUIPlugin:64 - create IPUIPlugin
2024-01-31 16:43:12,680 [INFO] PluginManager:200 - loadIPPluginJar : add freertos
2024-01-31 16:43:12,696 [INFO] IPUIPlugin:64 - create IPUIPlugin
2024-01-31 16:43:12,696 [INFO] PluginManager:200 - loadIPPluginJar : add genericplugin
2024-01-31 16:43:12,758 [INFO] IPUIPlugin:64 - create IPUIPlugin
2024-01-31 16:43:12,758 [INFO] PluginManager:200 - loadIPPluginJar : add gfxmmu
2024-01-31 16:43:12,789 [INFO] IPUIPlugin:64 - create IPUIPlugin
2024-01-31 16:43:12,789 [INFO] PluginManager:200 - loadIPPluginJar : add gic
2024-01-31 16:43:12,821 [INFO] IPUIPlugin:64 - create IPUIPlugin
2024-01-31 16:43:12,821 [INFO] PluginManager:200 - loadIPPluginJar : add gpio
2024-01-31 16:43:12,852 [INFO] IPUIPlugin:64 - create IPUIPlugin
2024-01-31 16:43:12,852 [INFO] PluginManager:200 - loadIPPluginJar : add gtzc
2024-01-31 16:43:12,883 [INFO] IPUIPlugin:64 - create IPUIPlugin
2024-01-31 16:43:12,883 [INFO] PluginManager:200 - loadIPPluginJar : add hash
2024-01-31 16:43:12,946 [INFO] IPUIPlugin:64 - create IPUIPlugin
2024-01-31 16:43:12,946 [INFO] PluginManager:200 - loadIPPluginJar : add i2c
2024-01-31 16:43:12,977 [INFO] IPUIPlugin:64 - create IPUIPlugin
2024-01-31 16:43:12,977 [INFO] PluginManager:200 - loadIPPluginJar : add i2s
2024-01-31 16:43:13,107 [INFO] IPUIPlugin:64 - create IPUIPlugin
2024-01-31 16:43:13,107 [INFO] PluginManager:200 - loadIPPluginJar : add ipddr
2024-01-31 16:43:13,248 [INFO] IPUIPlugin:64 - create IPUIPlugin
2024-01-31 16:43:13,248 [INFO] PluginManager:200 - loadIPPluginJar : add ltdc
2024-01-31 16:43:13,295 [INFO] IPUIPlugin:64 - create IPUIPlugin
2024-01-31 16:43:13,295 [INFO] PluginManager:200 - loadIPPluginJar : add mdma
2024-01-31 16:43:13,420 [INFO] IPUIPlugin:64 - create IPUIPlugin
2024-01-31 16:43:13,420 [INFO] PluginManager:200 - loadIPPluginJar : add nvic
2024-01-31 16:43:13,466 [INFO] IPUIPlugin:64 - create IPUIPlugin
2024-01-31 16:43:13,466 [INFO] PluginManager:200 - loadIPPluginJar : add opamp
2024-01-31 16:43:13,638 [INFO] IPUIPlugin:64 - create IPUIPlugin
2024-01-31 16:43:13,638 [INFO] PluginManager:200 - loadIPPluginJar : add openamp
2024-01-31 16:43:13,748 [INFO] IPUIPlugin:64 - create IPUIPlugin
2024-01-31 16:43:13,748 [INFO] PluginManager:200 - loadIPPluginJar : add pdm2pcm
2024-01-31 16:43:13,826 [INFO] IPUIPlugin:64 - create IPUIPlugin
2024-01-31 16:43:13,826 [INFO] PluginManager:200 - loadIPPluginJar : add plateformsettings
2024-01-31 16:43:13,966 [INFO] IPUIPlugin:64 - create IPUIPlugin
2024-01-31 16:43:13,966 [INFO] PluginManager:200 - loadIPPluginJar : add quadspi
2024-01-31 16:43:14,216 [INFO] IPUIPlugin:64 - create IPUIPlugin
2024-01-31 16:43:14,216 [INFO] PluginManager:200 - loadIPPluginJar : add resmgrutility
2024-01-31 16:43:14,279 [INFO] IPUIPlugin:64 - create IPUIPlugin
2024-01-31 16:43:14,279 [INFO] PluginManager:200 - loadIPPluginJar : add sai
2024-01-31 16:43:14,404 [INFO] IPUIPlugin:64 - create IPUIPlugin
2024-01-31 16:43:14,404 [INFO] PluginManager:200 - loadIPPluginJar : add spi
2024-01-31 16:43:14,701 [INFO] IPUIPlugin:64 - create IPUIPlugin
2024-01-31 16:43:14,701 [INFO] PluginManager:200 - loadIPPluginJar : add stm32_wpan
2024-01-31 16:43:15,202 [INFO] IPUIPlugin:64 - create IPUIPlugin
2024-01-31 16:43:15,202 [INFO] PluginManager:200 - loadIPPluginJar : add tim
2024-01-31 16:43:15,436 [INFO] IPUIPlugin:64 - create IPUIPlugin
2024-01-31 16:43:15,436 [INFO] PluginManager:200 - loadIPPluginJar : add touchsensing
2024-01-31 16:43:15,795 [INFO] IPUIPlugin:64 - create IPUIPlugin
2024-01-31 16:43:15,795 [INFO] PluginManager:200 - loadIPPluginJar : add tracer_emb
2024-01-31 16:43:17,639 [INFO] IPUIPlugin:64 - create IPUIPlugin
2024-01-31 16:43:17,639 [INFO] PluginManager:200 - loadIPPluginJar : add ts
2024-01-31 16:43:18,030 [INFO] IPUIPlugin:64 - create IPUIPlugin
2024-01-31 16:43:18,030 [INFO] PluginManager:200 - loadIPPluginJar : add tsc
2024-01-31 16:43:18,202 [INFO] IPUIPlugin:64 - create IPUIPlugin
2024-01-31 16:43:18,202 [INFO] PluginManager:200 - loadIPPluginJar : add ucpd
2024-01-31 16:43:18,733 [INFO] IPUIPlugin:64 - create IPUIPlugin
2024-01-31 16:43:18,733 [INFO] PluginManager:200 - loadIPPluginJar : add usart
2024-01-31 16:43:33,926 [INFO] CubeProgrammer:457 - [DDR PANEL] - PathOfProgrammer: null
2024-01-31 16:43:38,226 [FATAL] Updater:282 - Updater called before beeing initialized
2024-01-31 16:43:44,538 [FATAL] Updater:282 - Updater called before beeing initialized
2024-01-31 16:43:44,538 [WARN] ThirdParty:775 - waiting for thirdparty lock release [close project]
2024-01-31 16:43:44,538 [INFO] ThirdParty:777 - entering critical section [close project]
2024-01-31 16:43:44,538 [INFO] ThirdParty:790 - exiting critical section [close project]
2024-01-31 16:43:44,554 [INFO] PinOutPanel:1418 - setPackage(No Configuration,No Configuration)
2024-01-31 16:43:44,554 [FATAL] Updater:282 - Updater called before beeing initialized
2024-01-31 16:43:44,600 [ERROR] Updater:967 - MainUpdater not yet initialized. External WinMGr cannot be set.
2024-01-31 16:43:44,616 [INFO] CubeProgrammer:457 - [DDR PANEL] - PathOfProgrammer: C:\ST\STM32CubeIDE_1.4.0\STM32CubeIDE\plugins\com.st.stm32cube.ide.mcu.externaltools.cubeprogrammer.win32_1.4.0.202007081208\tools\bin
2024-01-31 16:43:44,725 [INFO] ProgrammerExecThread:148 - [ProgrammerAPI] CubeProgrammer command construction: C:\ST\STM32CubeIDE_1.4.0\STM32CubeIDE\plugins\com.st.stm32cube.ide.mcu.externaltools.cubeprogrammer.win32_1.4.0.202007081208\tools\bin\STM32_Programmer_CLI.exe -l
2024-01-31 16:43:50,977 [WARN] IntegrityCheckThread:61 - waiting for thirdparty lock release [integrity check]
2024-01-31 16:43:50,977 [INFO] IntegrityCheckThread:63 - entering critical section [integrity check]
2024-01-31 16:43:50,977 [FATAL] Updater:282 - Updater called before beeing initialized
2024-01-31 16:43:50,977 [ERROR] IntegrityCheckThread:284 - Cannot obtain thirdParties list 21
2024-01-31 16:43:50,977 [ERROR] IntegrityCheckThread:67 - Unexpected exception IntegrityCheckThread Thread:
2024-01-31 16:43:50,977 [ERROR] IntegrityCheckThread:70 - java.lang.Exception: Updater error
	at com.st.microxplorer.plugins.thirdparty.engine.IntegrityCheckThread.getUpdaterThirdPartyList(IntegrityCheckThread.java:296)
	at com.st.microxplorer.plugins.thirdparty.engine.IntegrityCheckThread.runProcess(IntegrityCheckThread.java:84)
	at com.st.microxplorer.plugins.thirdparty.engine.IntegrityCheckThread.run(IntegrityCheckThread.java:65)

2024-01-31 16:43:50,977 [INFO] ThirdPartyDb:299 - Save Third Party DataBase File (C:/Users/abdullah/.stm32cubemx/plugins/thirdparty/db/thirdparties_db.xml) [forced]
2024-01-31 16:43:53,305 [INFO] IntegrityCheckThread:76 - exiting critical section [integrity check]
2024-01-31 16:43:53,305 [INFO] IntegrityCheckThread:79 - End integrity checks thread
2024-01-31 16:43:54,611 [INFO] MainDdrPanel:49 - [DDR PANEL] SETTER - Set cubeProgrammerPath to: C:\ST\STM32CubeIDE_1.4.0\STM32CubeIDE\plugins\com.st.stm32cube.ide.mcu.externaltools.cubeprogrammer.win32_1.4.0.202007081208\tools\bin
2024-01-31 16:43:55,158 [INFO] Updater:904 - Updater Version found : 6.0.0
2024-01-31 16:43:55,236 [INFO] ApplicationProperties:181 - Using Application install path: C:\ST\STM32CubeIDE_1.4.0\STM32CubeIDE\plugins\com.st.stm32cube.common.mx_6.0.0.202007160824
2024-01-31 16:43:59,644 [WARN] ServerAccessManage:1026 - Warning during Server Connexion :  timeout Read timed out
2024-01-31 16:44:01,645 [WARN] ServerAccessManage:1026 - Warning during Server Connexion :  timeout Read timed out
2024-01-31 16:44:05,145 [WARN] ServerAccessManage:1026 - Warning during Server Connexion :  timeout Read timed out
2024-01-31 16:44:07,146 [WARN] ServerAccessManage:1026 - Warning during Server Connexion :  timeout connect timed out
2024-01-31 16:44:07,146 [INFO] MainUpdater:2268 - connection check result : 22
2024-01-31 16:44:07,146 [INFO] MainUpdater:239 - Updater Check For Update Now.
2024-01-31 16:44:07,146 [INFO] MicroXplorer:414 - Change Database Version : DB.6.0.0
2024-01-31 16:44:07,599 [INFO] CheckServerUpdateThread:102 - End of CheckServer Thread
2024-01-31 16:44:07,645 [INFO] MainUpdater:2268 - connection check result : 22
2024-01-31 16:44:20,642 [WARN] ServerAccessManage:1026 - Warning during Server Connexion :  timeout Read timed out
2024-01-31 16:44:21,643 [WARN] ServerAccessManage:1026 - Warning during Server Connexion :  timeout connect timed out
2024-01-31 16:44:22,659 [WARN] ServerAccessManage:1026 - Warning during Server Connexion :  timeout connect timed out
2024-01-31 16:44:23,675 [WARN] ServerAccessManage:1026 - Warning during Server Connexion :  timeout connect timed out
2024-01-31 16:44:23,675 [INFO] MainUpdater:2268 - connection check result : 22
2024-01-31 16:44:27,511 [INFO] McuFinderGlobals:40 - Set McuFinder mode to 2 (CubeIDE integrated)
2024-01-31 16:44:28,585 [INFO] CrossSelectorPresenter:1330 - Cross Selector saved comparison directory: C:\Users\abdullah\.stmcufinder\plugins\mcufinder\mcu\cs_comparisons_mx
2024-01-31 16:44:28,616 [INFO] MultiScanPanel:193 - Auto-refresh data requested => check proxy status ongoing
2024-01-31 16:44:28,632 [INFO] FinderPluginLoader:87 - Searching for filters in installed packs
2024-01-31 16:44:28,632 [INFO] DbMcusXml:100 - Load MCU database from C:\ST\STM32CubeIDE_1.4.0\STM32CubeIDE\plugins\com.st.stm32cube.common.mx_6.0.0.202007160824\\db\/mcu/families.xml
2024-01-31 16:44:31,846 [INFO] DbMcusJson:92 - JSON generation date=Tue Nov 16 18:17:54 EET 2021 (1637079474)
2024-01-31 16:44:34,596 [INFO] DbMcus:175 - Found 1761 MCUs (1722 are supported by CubeMX, 1911 are visible in CubeMX)
2024-01-31 16:44:34,611 [INFO] ApiDb:201 - Load user favorites file C:\Users\abdullah/.stm32cubeide/favorites.mcus.txt: 0 item(s)
2024-01-31 16:44:34,611 [INFO] ApiDb:205 - User favorites MCUs=[]
2024-01-31 16:44:34,611 [INFO] DbMcus:187 - Set 0 / 0 favorites MCUs
2024-01-31 16:44:38,298 [INFO] McuFilterPanel:245 - Update 0 favorites MCUs
2024-01-31 16:44:38,752 [INFO] DbBoardsPdsc:94 - Found 23 items
2024-01-31 16:44:38,767 [INFO] DbBoardsPdsc:94 - Found 9 items
2024-01-31 16:44:38,783 [INFO] DbBoardsPdsc:94 - Found 29 items
2024-01-31 16:44:38,798 [INFO] DbBoardsPdsc:94 - Found 1 items
2024-01-31 16:44:38,830 [INFO] DbBoardsPdsc:94 - Found 44 items
2024-01-31 16:44:38,877 [INFO] DbBoardsPdsc:94 - Found 40 items
2024-01-31 16:44:38,892 [INFO] DbBoardsPdsc:94 - Found 2 items
2024-01-31 16:44:38,939 [INFO] DbBoardsPdsc:94 - Found 4 items
2024-01-31 16:44:38,955 [WARN] DbBoardsPdsc:258 - Board STM32H7B3I-DK: unknown feature type=Audio, name=, username=Audio stereo codec with Headphone Amp (CS42L51-CNZ), n=1
2024-01-31 16:44:38,970 [WARN] DbBoardsPdsc:258 - Board STM32H735G-DK: unknown feature type=Audio, name=, username=Audio stereo codec with Headphone Amp (WM8994ECS/R), n=1
2024-01-31 16:44:38,970 [WARN] DbBoardsPdsc:258 - Board STM32H7B3I-EVAL: unknown feature type=Audio, name=, username=Multi-Channel Audio Codec (CS42L51-CNZ), n=1
2024-01-31 16:44:38,970 [WARN] DbBoardsPdsc:258 - Board STM32H7B3I-EVAL: unknown feature type=Meter, name=, username=Power-metering and Temperature-monitoring with sigma-delta modulators, n=1
2024-01-31 16:44:38,970 [WARN] DbBoardsPdsc:258 - Board STM32H7B3I-EVAL: unknown feature type=Motor, name=, username=Motor Control, n=1
2024-01-31 16:44:39,189 [INFO] DbBoardsJson:85 - JSON generation date=Tue Nov 16 18:17:54 EET 2021 (1637079474)
2024-01-31 16:44:39,205 [INFO] DbBoards:117 - Found 166 boards (149 are supported by CubeMX)
2024-01-31 16:44:39,252 [INFO] DbBoardsDocs:145 - JSON generation date=Tue Nov 16 18:17:54 EET 2021 (1637079474)
2024-01-31 16:44:39,283 [INFO] DbBoardsDocs:81 - Found 209 boards documents
2024-01-31 16:44:39,283 [WARN] DbBoards:127 - board B-L475E-IOT01A2 has no document id list !
2024-01-31 16:44:39,283 [WARN] DbBoards:127 - board NUCLEO-H743ZI has no document id list !
2024-01-31 16:44:39,314 [WARN] DbBoards:127 - board P-NUCLEO-WB55-Nucleo has no document id list !
2024-01-31 16:44:39,314 [WARN] DbBoards:127 - board P-NUCLEO-WB55-USBDongle has no document id list !
2024-01-31 16:44:39,314 [WARN] DbBoards:127 - board STEVAL-BFA001V1B has no document id list !
2024-01-31 16:44:39,314 [WARN] DbBoards:127 - board STEVAL-BFA001V2B has no document id list !
2024-01-31 16:44:39,314 [WARN] DbBoards:127 - board STEVAL-IDP005V1 has no document id list !
2024-01-31 16:44:39,314 [WARN] DbBoards:127 - board STEVAL-IDP005V2 has no document id list !
2024-01-31 16:44:39,314 [WARN] DbBoards:127 - board STEVAL-MKSBOX1V1 has no document id list !
2024-01-31 16:44:39,330 [WARN] DbBoards:127 - board STEVAL-STWINKT1 has no document id list !
2024-01-31 16:44:39,330 [WARN] DbBoards:127 - board STEVAL-STWINKT1B has no document id list !
2024-01-31 16:44:39,330 [WARN] DbBoards:127 - board STM32439I-EVAL2 has no document id list !
2024-01-31 16:44:39,330 [WARN] DbBoards:127 - board STM32F401C-DISCO has no document id list !
2024-01-31 16:44:39,330 [WARN] DbBoards:127 - board STM32F769I-DISC1 has no document id list !
2024-01-31 16:44:39,330 [WARN] DbBoards:127 - board STM32G474E-EVAL1 has no document id list !
2024-01-31 16:44:39,330 [WARN] DbBoards:127 - board STM32H743I-EVAL2 has no document id list !
2024-01-31 16:44:39,330 [WARN] DbBoards:127 - board STM32H747I-DISC1 has no document id list !
2024-01-31 16:44:39,330 [WARN] DbBoards:127 - board STM32H753I-EVAL2 has no document id list !
2024-01-31 16:44:39,330 [WARN] DbBoards:127 - board STM32L-DISCOVERY has no document id list !
2024-01-31 16:44:39,814 [ERROR] DbBoards:189 - Image file not found for board B-L462E-CELL1: C:\ST\STM32CubeIDE_1.4.0\STM32CubeIDE\plugins\com.st.stm32cube.common.mx_6.0.0.202007160824\\db\/plugins/mcufinder/images/boards/B-L462E-CELL1_small.jpg
2024-01-31 16:44:39,970 [ERROR] DbBoards:189 - Image file not found for board B-U585I-IOT02A: C:\ST\STM32CubeIDE_1.4.0\STM32CubeIDE\plugins\com.st.stm32cube.common.mx_6.0.0.202007160824\\db\/plugins/mcufinder/images/boards/B-U585I-IOT02A_small.jpg
2024-01-31 16:44:40,470 [ERROR] DbBoards:189 - Image file not found for board NUCLEO-F413ZH: C:\ST\STM32CubeIDE_1.4.0\STM32CubeIDE\plugins\com.st.stm32cube.common.mx_6.0.0.202007160824\\db\/plugins/mcufinder/images/boards/nucleo-f413zh_small.jpg
2024-01-31 16:44:45,916 [ERROR] DbBoards:189 - Image file not found for board NUCLEO-L552ZE-Q: C:\ST\STM32CubeIDE_1.4.0\STM32CubeIDE\plugins\com.st.stm32cube.common.mx_6.0.0.202007160824\\db\/plugins/mcufinder/images/boards/nucleo_l552ze_q_small.jpg
2024-01-31 16:44:45,916 [ERROR] DbBoards:189 - Image file not found for board NUCLEO-U575ZI-Q: C:\ST\STM32CubeIDE_1.4.0\STM32CubeIDE\plugins\com.st.stm32cube.common.mx_6.0.0.202007160824\\db\/plugins/mcufinder/images/boards/nucleo-u575zi-q_small.jpg
2024-01-31 16:44:45,916 [ERROR] DbBoards:189 - Image file not found for board NUCLEO-WB15CC: C:\ST\STM32CubeIDE_1.4.0\STM32CubeIDE\plugins\com.st.stm32cube.common.mx_6.0.0.202007160824\\db\/plugins/mcufinder/images/boards/nucleo-wb15cc_small.jpg
2024-01-31 16:44:45,916 [ERROR] DbBoards:189 - Image file not found for board NUCLEO-WB55RG: C:\ST\STM32CubeIDE_1.4.0\STM32CubeIDE\plugins\com.st.stm32cube.common.mx_6.0.0.202007160824\\db\/plugins/mcufinder/images/boards/nucleo-wb55rg_small.jpg
2024-01-31 16:44:45,916 [ERROR] DbBoards:189 - Image file not found for board NUCLEO-WL55JC: C:\ST\STM32CubeIDE_1.4.0\STM32CubeIDE\plugins\com.st.stm32cube.common.mx_6.0.0.202007160824\\db\/plugins/mcufinder/images/boards/nucleo-wl55jc-small.jpg
2024-01-31 16:44:46,947 [ERROR] DbBoards:189 - Image file not found for board STEVAL-STWINKT1B: C:\ST\STM32CubeIDE_1.4.0\STM32CubeIDE\plugins\com.st.stm32cube.common.mx_6.0.0.202007160824\\db\/plugins/mcufinder/images/boards/steval-stwinkt1b_small.jpg
2024-01-31 16:44:50,775 [ERROR] DbBoards:189 - Image file not found for board STM32G0C1E-EV: C:\ST\STM32CubeIDE_1.4.0\STM32CubeIDE\plugins\com.st.stm32cube.common.mx_6.0.0.202007160824\\db\/plugins/mcufinder/images/boards/stm32g0c1e-eval_small.jpg
2024-01-31 16:44:51,197 [ERROR] DbBoards:189 - Image file not found for board STM32H7B3I-EVAL: C:\ST\STM32CubeIDE_1.4.0\STM32CubeIDE\plugins\com.st.stm32cube.common.mx_6.0.0.202007160824\\db\/plugins/mcufinder/images/boards/stm32h7b3ieval_small.jpg
2024-01-31 16:44:52,087 [ERROR] DbBoards:189 - Image file not found for board STM32U575I-EV: C:\ST\STM32CubeIDE_1.4.0\STM32CubeIDE\plugins\com.st.stm32cube.common.mx_6.0.0.202007160824\\db\/plugins/mcufinder/images/boards/stm32u575i-ev_small.jpg
2024-01-31 16:44:52,244 [ERROR] DbBoards:189 - Image file not found for board STM32WB5MM-DK: C:\ST\STM32CubeIDE_1.4.0\STM32CubeIDE\plugins\com.st.stm32cube.common.mx_6.0.0.202007160824\\db\/plugins/mcufinder/images/boards/STM32WB5MM-DK_small.jpg
2024-01-31 16:44:52,275 [INFO] ApiDb:201 - Load user favorites file C:\Users\abdullah/.stm32cubeide/favorites.boards.txt: 0 item(s)
2024-01-31 16:44:52,275 [INFO] ApiDb:205 - User favorites Boards=[]
2024-01-31 16:44:52,275 [INFO] DbBoards:206 - Set 0 / 0 favorites Boards
2024-01-31 16:47:23,609 [INFO] DbMcusDocs:145 - JSON generation date=Tue Nov 16 18:17:54 EET 2021 (1637079474)
2024-01-31 16:47:24,499 [INFO] DbMcusDocs:81 - Found 682 MCUs documents
2024-01-31 16:48:17,872 [INFO] LogOutputStream:76 - [STDOUT_REDIRECT] withoutVersionV1.8.4
2024-01-31 16:48:17,887 [INFO] LogOutputStream:76 - [STDOUT_REDIRECT] withoutVersionV1.8.3
2024-01-31 16:48:17,887 [INFO] LogOutputStream:76 - [STDOUT_REDIRECT] withoutVersionV1.8.2
2024-01-31 16:48:17,887 [INFO] LogOutputStream:76 - [STDOUT_REDIRECT] withoutVersionV1.8.1
2024-01-31 16:48:17,887 [INFO] LogOutputStream:76 - [STDOUT_REDIRECT] withoutVersionV1.8.0
2024-01-31 16:49:07,780 [ERROR] LogOutputStream:74 - [STDERR_REDIRECT] [Fatal Error] :1:1: Premature end of file.
2024-01-31 16:49:07,780 [ERROR] LogOutputStream:74 - [STDERR_REDIRECT] 
2024-01-31 16:49:08,108 [ERROR] LogOutputStream:74 - [STDERR_REDIRECT] [Fatal Error] :1:1: Premature end of file.
2024-01-31 16:49:08,108 [ERROR] LogOutputStream:74 - [STDERR_REDIRECT] 
2024-01-31 16:49:08,530 [ERROR] LogOutputStream:74 - [STDERR_REDIRECT] [Fatal Error] :1:1: Premature end of file.
2024-01-31 16:49:08,545 [ERROR] LogOutputStream:74 - [STDERR_REDIRECT] 
2024-01-31 16:49:08,905 [ERROR] LogOutputStream:74 - [STDERR_REDIRECT] [Fatal Error] :1:1: Premature end of file.
2024-01-31 16:49:08,905 [ERROR] LogOutputStream:74 - [STDERR_REDIRECT] 
2024-01-31 16:49:09,280 [ERROR] LogOutputStream:74 - [STDERR_REDIRECT] [Fatal Error] :1:1: Premature end of file.
2024-01-31 16:49:09,295 [ERROR] LogOutputStream:74 - [STDERR_REDIRECT] 
2024-01-31 16:49:09,483 [ERROR] LogOutputStream:74 - [STDERR_REDIRECT] [Fatal Error] :1:1: Premature end of file.
2024-01-31 16:49:09,483 [ERROR] LogOutputStream:74 - [STDERR_REDIRECT] 
2024-01-31 16:49:09,655 [ERROR] LogOutputStream:74 - [STDERR_REDIRECT] [Fatal Error] :1:1: Premature end of file.
2024-01-31 16:49:09,655 [ERROR] LogOutputStream:74 - [STDERR_REDIRECT] 
2024-01-31 16:49:09,842 [ERROR] LogOutputStream:74 - [STDERR_REDIRECT] [Fatal Error] :1:1: Premature end of file.
2024-01-31 16:49:09,842 [ERROR] LogOutputStream:74 - [STDERR_REDIRECT] 
2024-01-31 16:49:09,967 [ERROR] LogOutputStream:74 - [STDERR_REDIRECT] [Fatal Error] :1:1: Premature end of file.
2024-01-31 16:49:09,967 [ERROR] LogOutputStream:74 - [STDERR_REDIRECT] 
2024-01-31 16:49:10,373 [ERROR] LogOutputStream:74 - [STDERR_REDIRECT] [Fatal Error] :1:1: Premature end of file.
2024-01-31 16:49:10,373 [ERROR] LogOutputStream:74 - [STDERR_REDIRECT] 
2024-01-31 16:49:10,545 [ERROR] LogOutputStream:74 - [STDERR_REDIRECT] [Fatal Error] :1:1: Premature end of file.
2024-01-31 16:49:10,545 [ERROR] LogOutputStream:74 - [STDERR_REDIRECT] 
2024-01-31 16:49:10,733 [ERROR] LogOutputStream:74 - [STDERR_REDIRECT] [Fatal Error] :1:1: Premature end of file.
2024-01-31 16:49:10,733 [ERROR] LogOutputStream:74 - [STDERR_REDIRECT] 
2024-01-31 16:49:14,264 [INFO] ApiDb:226 - Save user favorites file C:\Users\abdullah/.stm32cubeide/favorites.mcus.txt: 0 item(s)
2024-01-31 16:49:14,264 [INFO] ApiDb:230 - User favorites MCUs=[]
2024-01-31 17:48:47,983 [ERROR] LogOutputStream:74 - [STDERR_REDIRECT] [Fatal Error] :1:1: Premature end of file.
2024-01-31 17:48:48,061 [ERROR] LogOutputStream:74 - [STDERR_REDIRECT] 
2024-01-31 17:48:48,155 [ERROR] LogOutputStream:74 - [STDERR_REDIRECT] [Fatal Error] :1:1: Premature end of file.
2024-01-31 17:48:48,155 [ERROR] LogOutputStream:74 - [STDERR_REDIRECT] 
2024-01-31 17:48:48,249 [ERROR] LogOutputStream:74 - [STDERR_REDIRECT] [Fatal Error] :1:1: Premature end of file.
2024-01-31 17:48:48,249 [ERROR] LogOutputStream:74 - [STDERR_REDIRECT] 
2024-01-31 17:49:27,409 [ERROR] LogOutputStream:74 - [STDERR_REDIRECT] [Fatal Error] :1:1: Premature end of file.
2024-01-31 17:49:27,409 [ERROR] LogOutputStream:74 - [STDERR_REDIRECT] 
2024-01-31 17:49:27,581 [ERROR] LogOutputStream:74 - [STDERR_REDIRECT] [Fatal Error] :1:1: Premature end of file.
2024-01-31 17:49:27,581 [ERROR] LogOutputStream:74 - [STDERR_REDIRECT] 
2024-01-31 17:49:27,784 [ERROR] LogOutputStream:74 - [STDERR_REDIRECT] [Fatal Error] :1:1: Premature end of file.
2024-01-31 17:49:27,784 [ERROR] LogOutputStream:74 - [STDERR_REDIRECT] 
2024-01-31 18:12:01,862 [ERROR] LogOutputStream:74 - [STDERR_REDIRECT] [Fatal Error] :1:1: Premature end of file.
2024-01-31 18:12:01,862 [ERROR] LogOutputStream:74 - [STDERR_REDIRECT] 
2024-01-31 18:12:01,956 [ERROR] LogOutputStream:74 - [STDERR_REDIRECT] [Fatal Error] :1:1: Premature end of file.
2024-01-31 18:12:01,956 [ERROR] LogOutputStream:74 - [STDERR_REDIRECT] 
2024-01-31 18:12:02,096 [ERROR] LogOutputStream:74 - [STDERR_REDIRECT] [Fatal Error] :1:1: Premature end of file.
2024-01-31 18:12:02,096 [ERROR] LogOutputStream:74 - [STDERR_REDIRECT] 
2024-01-31 18:56:54,519 [ERROR] LogOutputStream:74 - [STDERR_REDIRECT] [Fatal Error] :1:1: Premature end of file.
2024-01-31 18:56:54,519 [ERROR] LogOutputStream:74 - [STDERR_REDIRECT] 
2024-01-31 18:57:00,207 [ERROR] LogOutputStream:74 - [STDERR_REDIRECT] [Fatal Error] :1:1: Premature end of file.
2024-01-31 18:57:00,207 [ERROR] LogOutputStream:74 - [STDERR_REDIRECT] 
2024-01-31 18:57:00,285 [ERROR] LogOutputStream:74 - [STDERR_REDIRECT] [Fatal Error] :1:1: Premature end of file.
2024-01-31 18:57:00,285 [ERROR] LogOutputStream:74 - [STDERR_REDIRECT] 
2024-01-31 19:39:19,666 [ERROR] LogOutputStream:74 - [STDERR_REDIRECT] [Fatal Error] :1:1: Premature end of file.
2024-01-31 19:39:19,727 [ERROR] LogOutputStream:74 - [STDERR_REDIRECT] 
2024-01-31 19:39:19,942 [ERROR] LogOutputStream:74 - [STDERR_REDIRECT] [Fatal Error] :1:1: Premature end of file.
2024-01-31 19:39:19,957 [ERROR] LogOutputStream:74 - [STDERR_REDIRECT] 
2024-01-31 19:39:20,352 [ERROR] LogOutputStream:74 - [STDERR_REDIRECT] [Fatal Error] :1:1: Premature end of file.
2024-01-31 19:39:20,353 [ERROR] LogOutputStream:74 - [STDERR_REDIRECT] 
2024-02-05 12:09:23,128 [INFO] Activator:178 - 


2024-02-05 12:09:23,238 [INFO] Activator:179 - !SESSION log4j initialized
2024-02-05 13:46:14,035 [ERROR] LogOutputStream:74 - [STDERR_REDIRECT] [Fatal Error] :1:1: Premature end of file.
2024-02-05 13:46:14,128 [ERROR] LogOutputStream:74 - [STDERR_REDIRECT] 
2024-02-05 13:46:14,457 [ERROR] LogOutputStream:74 - [STDERR_REDIRECT] [Fatal Error] :1:1: Premature end of file.
2024-02-05 13:46:14,488 [ERROR] LogOutputStream:74 - [STDERR_REDIRECT] 
2024-02-05 13:46:14,582 [ERROR] LogOutputStream:74 - [STDERR_REDIRECT] [Fatal Error] :1:1: Premature end of file.
2024-02-05 13:46:14,582 [ERROR] LogOutputStream:74 - [STDERR_REDIRECT] 
2024-02-05 14:00:33,916 [ERROR] LogOutputStream:74 - [STDERR_REDIRECT] [Fatal Error] :1:1: Premature end of file.
2024-02-05 14:00:33,916 [ERROR] LogOutputStream:74 - [STDERR_REDIRECT] 
2024-02-05 14:00:33,994 [ERROR] LogOutputStream:74 - [STDERR_REDIRECT] [Fatal Error] :1:1: Premature end of file.
2024-02-05 14:00:33,994 [ERROR] LogOutputStream:74 - [STDERR_REDIRECT] 
2024-02-05 14:00:34,104 [ERROR] LogOutputStream:74 - [STDERR_REDIRECT] [Fatal Error] :1:1: Premature end of file.
2024-02-05 14:00:34,104 [ERROR] LogOutputStream:74 - [STDERR_REDIRECT] 
2024-02-05 14:30:25,147 [ERROR] LogOutputStream:74 - [STDERR_REDIRECT] [Fatal Error] :1:1: Premature end of file.
2024-02-05 14:30:25,147 [ERROR] LogOutputStream:74 - [STDERR_REDIRECT] 
2024-02-05 14:30:25,225 [ERROR] LogOutputStream:74 - [STDERR_REDIRECT] [Fatal Error] :1:1: Premature end of file.
2024-02-05 14:30:25,225 [ERROR] LogOutputStream:74 - [STDERR_REDIRECT] 
2024-02-05 14:30:25,303 [ERROR] LogOutputStream:74 - [STDERR_REDIRECT] [Fatal Error] :1:1: Premature end of file.
2024-02-05 14:30:25,319 [ERROR] LogOutputStream:74 - [STDERR_REDIRECT] 
2024-02-05 14:51:37,015 [ERROR] LogOutputStream:74 - [STDERR_REDIRECT] [Fatal Error] :1:1: Premature end of file.
2024-02-05 14:51:37,015 [ERROR] LogOutputStream:74 - [STDERR_REDIRECT] 
2024-02-05 14:51:37,124 [ERROR] LogOutputStream:74 - [STDERR_REDIRECT] [Fatal Error] :1:1: Premature end of file.
2024-02-05 14:51:37,124 [ERROR] LogOutputStream:74 - [STDERR_REDIRECT] 
2024-02-05 14:51:37,265 [ERROR] LogOutputStream:74 - [STDERR_REDIRECT] [Fatal Error] :1:1: Premature end of file.
2024-02-05 14:51:37,265 [ERROR] LogOutputStream:74 - [STDERR_REDIRECT] 
2024-02-05 14:52:42,277 [ERROR] LogOutputStream:74 - [STDERR_REDIRECT] [Fatal Error] :1:1: Premature end of file.
2024-02-05 14:52:42,277 [ERROR] LogOutputStream:74 - [STDERR_REDIRECT] 
2024-02-05 14:52:44,528 [ERROR] LogOutputStream:74 - [STDERR_REDIRECT] [Fatal Error] :1:1: Premature end of file.
2024-02-05 14:52:44,528 [ERROR] LogOutputStream:74 - [STDERR_REDIRECT] 
2024-02-05 14:52:44,622 [ERROR] LogOutputStream:74 - [STDERR_REDIRECT] [Fatal Error] :1:1: Premature end of file.
2024-02-05 14:52:44,622 [ERROR] LogOutputStream:74 - [STDERR_REDIRECT] 
2024-02-05 16:16:08,133 [ERROR] LogOutputStream:74 - [STDERR_REDIRECT] [Fatal Error] :1:1: Premature end of file.
2024-02-05 16:16:08,586 [ERROR] LogOutputStream:74 - [STDERR_REDIRECT] 
2024-02-05 16:16:08,867 [ERROR] LogOutputStream:74 - [STDERR_REDIRECT] [Fatal Error] :1:1: Premature end of file.
2024-02-05 16:16:08,867 [ERROR] LogOutputStream:74 - [STDERR_REDIRECT] 
2024-02-05 16:16:09,055 [ERROR] LogOutputStream:74 - [STDERR_REDIRECT] [Fatal Error] :1:1: Premature end of file.
2024-02-05 16:16:09,086 [ERROR] LogOutputStream:74 - [STDERR_REDIRECT] 
